mode: set
graph/vertex/vertex.go:21.34,29.2 2 1
graph/vertex/vertex.go:31.33,33.2 1 1
graph/vertex/vertex.go:35.44,37.2 1 1
graph/vertex/vertex.go:38.50,40.2 1 1
graph/vertex/vertex.go:42.39,44.2 1 1
graph/vertex/vertex.go:45.47,47.2 1 1
graph/algorithms/dijkstra/dijkstra.go:10.75,12.2 1 1
graph/algorithms/dijkstra/optimized_shortest_path.go:15.97,19.40 2 1
graph/algorithms/dijkstra/optimized_shortest_path.go:19.40,29.3 3 1
graph/algorithms/dijkstra/optimized_shortest_path.go:32.2,34.22 2 1
graph/algorithms/dijkstra/optimized_shortest_path.go:34.22,39.49 2 1
graph/algorithms/dijkstra/optimized_shortest_path.go:39.49,40.9 1 1
graph/algorithms/dijkstra/optimized_shortest_path.go:44.3,44.15 1 1
graph/algorithms/dijkstra/optimized_shortest_path.go:44.15,46.4 1 1
graph/algorithms/dijkstra/optimized_shortest_path.go:48.3,54.31 4 1
graph/algorithms/dijkstra/optimized_shortest_path.go:54.31,56.31 2 1
graph/algorithms/dijkstra/optimized_shortest_path.go:56.31,57.49 1 1
graph/algorithms/dijkstra/optimized_shortest_path.go:57.49,59.11 2 1
graph/algorithms/dijkstra/optimized_shortest_path.go:63.4,65.27 3 1
graph/algorithms/dijkstra/optimized_shortest_path.go:65.27,67.5 1 1
graph/algorithms/dijkstra/optimized_shortest_path.go:69.4,69.51 1 1
graph/algorithms/dijkstra/optimized_shortest_path.go:69.51,72.5 2 1
graph/algorithms/dijkstra/optimized_shortest_path.go:76.2,76.12 1 1
graph/algorithms/dijkstra/optimized_shortest_path.go:82.76,85.42 2 1
graph/algorithms/dijkstra/optimized_shortest_path.go:85.42,86.16 1 1
graph/algorithms/dijkstra/optimized_shortest_path.go:86.16,90.4 2 1
graph/algorithms/dijkstra/optimized_shortest_path.go:91.3,91.25 1 1
graph/algorithms/dijkstra/optimized_shortest_path.go:94.2,94.12 1 1
graph/algorithms/dijkstra/optimized_shortest_path.go:98.111,102.33 2 1
graph/algorithms/dijkstra/optimized_shortest_path.go:102.33,104.39 1 1
graph/algorithms/dijkstra/optimized_shortest_path.go:104.39,106.4 1 1
graph/algorithms/dijkstra/optimized_shortest_path.go:110.2,112.26 2 1
graph/algorithms/dijkstra/optimized_shortest_path.go:112.26,115.13 2 1
graph/algorithms/dijkstra/optimized_shortest_path.go:115.13,117.4 1 1
graph/algorithms/dijkstra/optimized_shortest_path.go:120.2,120.18 1 1
graph/algorithms/dijkstra/optimized_shortest_path.go:124.78,129.26 3 1
graph/algorithms/dijkstra/optimized_shortest_path.go:129.26,130.60 1 1
graph/algorithms/dijkstra/optimized_shortest_path.go:130.60,132.4 1 1
graph/algorithms/dijkstra/optimized_shortest_path.go:135.2,135.17 1 1
graph/algorithms/dijkstra/shortestPath.go:17.88,21.40 2 1
graph/algorithms/dijkstra/shortestPath.go:21.40,31.3 3 1
graph/algorithms/dijkstra/shortestPath.go:34.2,36.22 2 1
graph/algorithms/dijkstra/shortestPath.go:36.22,41.49 2 1
graph/algorithms/dijkstra/shortestPath.go:41.49,42.9 1 1
graph/algorithms/dijkstra/shortestPath.go:46.3,46.15 1 1
graph/algorithms/dijkstra/shortestPath.go:46.15,48.4 1 1
graph/algorithms/dijkstra/shortestPath.go:50.3,56.31 4 1
graph/algorithms/dijkstra/shortestPath.go:56.31,58.28 2 1
graph/algorithms/dijkstra/shortestPath.go:58.28,59.43 1 1
graph/algorithms/dijkstra/shortestPath.go:59.43,61.11 2 1
graph/algorithms/dijkstra/shortestPath.go:65.4,67.27 3 1
graph/algorithms/dijkstra/shortestPath.go:67.27,69.5 1 1
graph/algorithms/dijkstra/shortestPath.go:71.4,71.51 1 1
graph/algorithms/dijkstra/shortestPath.go:71.51,74.5 2 1
graph/algorithms/dijkstra/shortestPath.go:78.2,78.12 1 1
graph/algorithms/dijkstra/shortestPath.go:84.67,87.42 2 1
graph/algorithms/dijkstra/shortestPath.go:87.42,88.16 1 1
graph/algorithms/dijkstra/shortestPath.go:88.16,92.4 2 1
graph/algorithms/dijkstra/shortestPath.go:93.3,93.25 1 1
graph/algorithms/dijkstra/shortestPath.go:96.2,96.12 1 1
graph/algorithms/dijkstra/shortestPath.go:100.102,104.33 2 1
graph/algorithms/dijkstra/shortestPath.go:104.33,106.39 1 1
graph/algorithms/dijkstra/shortestPath.go:106.39,108.4 1 1
graph/algorithms/dijkstra/shortestPath.go:112.2,114.26 2 1
graph/algorithms/dijkstra/shortestPath.go:114.26,117.13 2 1
graph/algorithms/dijkstra/shortestPath.go:117.13,119.4 1 1
graph/algorithms/dijkstra/shortestPath.go:122.2,122.18 1 1
graph/algorithms/dijkstra/shortestPath.go:126.69,131.26 3 1
graph/algorithms/dijkstra/shortestPath.go:131.26,132.60 1 1
graph/algorithms/dijkstra/shortestPath.go:132.60,134.4 1 1
graph/algorithms/dijkstra/shortestPath.go:137.2,137.17 1 1
graph/weight/weight.go:22.74,28.2 1 1
graph/weight/weight.go:30.40,32.2 1 1
graph/weight/weight.go:34.48,36.2 1 1
graph/weight/weight.go:38.42,40.2 1 1
graph/weight/weight.go:42.46,44.2 1 1
graph/weight/weight.go:46.35,48.2 1 1
graph/weight/weight.go:50.41,52.2 1 1
graph/weight/weight.go:54.44,58.2 3 1
graph/weight/weight.go:64.55,66.2 1 1
graph/edge/edge.go:20.79,22.2 1 1
graph/edge/edge.go:24.41,26.2 1 1
graph/edge/edge.go:28.43,30.2 1 1
graph/edge/edge.go:32.45,34.2 1 1
graph/dynamic_graph.go:14.98,16.2 1 1
graph/dynamic_graph.go:18.63,21.2 2 1
graph/dynamic_graph.go:23.62,26.2 2 1
graph/graph.go:20.84,22.2 1 1
graph/graph.go:24.40,26.2 1 1
graph/graph.go:28.37,30.2 1 1
graph/graph.go:32.56,34.2 1 1
graph/graph.go:36.49,38.2 1 1
